<?xml version="1.0" encoding="UTF-8"?>
<testsuite xmlns:xsi="http://www.w3.org/2001/XMLSchema-instance" xsi:noNamespaceSchemaLocation="https://maven.apache.org/surefire/maven-surefire-plugin/xsd/surefire-test-report-3.0.xsd" version="3.0" name="com.example.excel.ExcelApplicationTests" time="6.248" tests="1" errors="0" skipped="0" failures="0">
  <properties>
[...]
</properties>
  <testcase name="contextLoads" classname="com.example.excel.ExcelApplicationTests" time="1.582">
    <system-out><![CDATA[12:15:21.783 [main] INFO org.springframework.test.context.support.AnnotationConfigContextLoaderUtils -- Could not detect default configuration classes for test class [com.example.excel.ExcelApplicationTests]: ExcelApplicationTests does not declare any static, non-private, non-final, nested classes annotated with @Configuration.
12:15:22.012 [main] INFO org.springframework.boot.test.context.SpringBootTestContextBootstrapper -- Found @SpringBootConfiguration com.example.excel.ExcelApplication for test class com.example.excel.ExcelApplicationTests

  .   ____          _            __ _ _
 /\\ / ___'_ __ _ _(_)_ __  __ _ \ \ \ \
( ( )\___ | '_ | '_| | '_ \/ _` | \ \ \ \
 \\/  ___)| |_)| | | | | || (_| |  ) ) ) )
  '  |____| .__|_| |_|_| |_\__, | / / / /
 =========|_|==============|___/=/_/_/_/

 :: Spring Boot ::                (v3.3.2)

2024-08-22T12:15:23.188+03:00  INFO 3332 --- [excel] [           main] c.example.excel.ExcelApplicationTests    : Starting ExcelApplicationTests using Java 22.0.1 with PID 3332 (started by chukl in D:\university\som\excel_project\excel)
2024-08-22T12:15:23.192+03:00  INFO 3332 --- [excel] [           main] c.example.excel.ExcelApplicationTests    : No active profile set, falling back to 1 default profile: "default"
2024-08-22T12:15:26.009+03:00  INFO 3332 --- [excel] [           main] c.example.excel.ExcelApplicationTests    : Started ExcelApplicationTests in 3.656 seconds (process running for 5.775)
]]></system-out>
    <system-err><![CDATA[WARNING: A Java agent has been loaded dynamically (C:\Users\chukl\.m2\repository\net\bytebuddy\byte-buddy-agent\1.14.18\byte-buddy-agent-1.14.18.jar)
WARNING: If a serviceability tool is in use, please run with -XX:+EnableDynamicAgentLoading to hide this warning
WARNING: If a serviceability tool is not in use, please run with -Djdk.instrument.traceUsage for more information
WARNING: Dynamic loading of agents will be disallowed by default in a future release
]]></system-err>
  </testcase>
</testsuite>